<?xml version="1.0" encoding="UTF-8"?>
<!-- Generated by org.testng.reporters.JUnitXMLReporter -->
<testsuite ignored="2" hostname="DESKTOP-M85GF2G" failures="1" tests="1" name="Page Object Model Project" time="10.682" errors="0" timestamp="2019-12-26T18:17:45 IST">
  <testcase classname="Test.SelectPriceValue" name="init" time="10.633">
    <failure type="java.lang.NullPointerException">
      <![CDATA[java.lang.NullPointerException
at java.base/java.io.Writer.write(Writer.java:213)
at java.base/java.io.PrintStream.write(PrintStream.java:582)
at java.base/java.io.PrintStream.print(PrintStream.java:732)
at java.base/java.io.PrintStream.println(PrintStream.java:868)
at Pages.SearchIphonePrice.AmazonSelectValue(SearchIphonePrice.java:59)
at Test.SelectPriceValue.init(SelectPriceValue.java:27)
at java.base/java.util.ArrayList.forEach(ArrayList.java:1540)
... Removed 27 stack frames]]>
    </failure>
  </testcase> <!-- init -->
  <testcase classname="Test.TestBase" name="@BeforeSuite initialize" time="0.0">
    <ignored/>
  </testcase> <!-- @BeforeSuite initialize -->
  <testcase classname="Test.TestBase" name="@AfterSuite TeardownTest" time="0.0">
    <ignored/>
  </testcase> <!-- @AfterSuite TeardownTest -->
</testsuite> <!-- Page Object Model Project -->
