<?xml version="1.0" encoding="UTF-8"?>
<testng-results ignored="2" total="3" passed="1" failed="0" skipped="0">
  <reporter-output>
  </reporter-output>
  <suite started-at="2019-12-28T13:30:22 IST" name="Submit_Review" finished-at="2019-12-28T13:30:50 IST" duration-ms="28306">
    <groups>
    </groups>
    <test started-at="2019-12-28T13:30:22 IST" name="Page Object Model Project" finished-at="2019-12-28T13:30:50 IST" duration-ms="28306">
      <class name="TestCases.SubmitReviewTest">
        <test-method signature="init()[pri:0, instance:TestCases.SubmitReviewTest@23f7d05d]" started-at="2019-12-28T13:30:22 IST" name="init" finished-at="2019-12-28T13:30:50 IST" duration-ms="28240" status="PASS">
          <reporter-output>
          </reporter-output>
        </test-method> <!-- init -->
      </class> <!-- TestCases.SubmitReviewTest -->
      <class name="TestCases.TestBase">
        <test-method is-config="true" signature="initialize()[pri:0, instance:TestCases.TestBase@23986957]" started-at="2019-12-28T13:30:05 IST" name="initialize" finished-at="2019-12-28T13:30:22 IST" duration-ms="17396" status="PASS">
          <reporter-output>
          </reporter-output>
        </test-method> <!-- initialize -->
        <test-method is-config="true" signature="TeardownTest()[pri:0, instance:TestCases.TestBase@23986957]" started-at="2019-12-28T13:30:51 IST" name="TeardownTest" finished-at="2019-12-28T13:30:51 IST" duration-ms="757" status="PASS">
          <reporter-output>
          </reporter-output>
        </test-method> <!-- TeardownTest -->
      </class> <!-- TestCases.TestBase -->
    </test> <!-- Page Object Model Project -->
  </suite> <!-- Submit_Review -->
</testng-results>
